[debug] [2024-06-03T16:14:00.662Z] ----------------------------------------------------------------------
[debug] [2024-06-03T16:14:00.664Z] Command:       C:\Program Files\nodejs\node.exe C:\Users\DELL\AppData\Roaming\npm\node_modules\firebase-tools\lib\bin\firebase.js init functions
[debug] [2024-06-03T16:14:00.664Z] CLI Version:   13.10.2
[debug] [2024-06-03T16:14:00.665Z] Platform:      win32
[debug] [2024-06-03T16:14:00.665Z] Node Version:  v18.20.3
[debug] [2024-06-03T16:14:00.666Z] Time:          Mon Jun 03 2024 18:14:00 GMT+0200 (heure d’été d’Europe centrale)
[debug] [2024-06-03T16:14:00.666Z] ----------------------------------------------------------------------
[debug] 
[debug] [2024-06-03T16:14:00.749Z] > command requires scopes: ["email","openid","https://www.googleapis.com/auth/cloudplatformprojects.readonly","https://www.googleapis.com/auth/firebase","https://www.googleapis.com/auth/cloud-platform"]
[debug] [2024-06-03T16:14:00.750Z] > authorizing via signed-in user (amal.alimou1@gmail.com)
[info] 
     ######## #### ########  ######## ########     ###     ######  ########
     ##        ##  ##     ## ##       ##     ##  ##   ##  ##       ##
     ######    ##  ########  ######   ########  #########  ######  ######
     ##        ##  ##    ##  ##       ##     ## ##     ##       ## ##
     ##       #### ##     ## ######## ########  ##     ##  ######  ########

You're about to initialize a Firebase project in this directory:

  C:\Users\DELL\Desktop\chehiwatbinidikV1-main

Before we get started, keep in mind:

  * You are initializing within an existing Firebase project directory

[info] 
=== Project Setup
[info] 
[info] First, let's associate this project directory with a Firebase project.
[info] You can create multiple project aliases by running firebase use --add, 
[info] but for now we'll just set up a default project.
[info] 
[debug] [2024-06-03T16:14:23.261Z] Using project from CLI flag: chehiwatbinidik-75756
[debug] [2024-06-03T16:14:23.263Z] >>> [apiv2][query] GET https://firebase.googleapis.com/v1beta1/projects/chehiwatbinidik-75756 [none]
[debug] [2024-06-03T16:14:26.859Z] <<< [apiv2][status] GET https://firebase.googleapis.com/v1beta1/projects/chehiwatbinidik-75756 200
[debug] [2024-06-03T16:14:26.859Z] <<< [apiv2][body] GET https://firebase.googleapis.com/v1beta1/projects/chehiwatbinidik-75756 {"projectId":"chehiwatbinidik-75756","projectNumber":"869924086974","displayName":"ChehiwatBinIdik","name":"projects/chehiwatbinidik-75756","resources":{"hostingSite":"chehiwatbinidik-75756","realtimeDatabaseInstance":"chehiwatbinidik-75756-default-rtdb","storageBucket":"chehiwatbinidik-75756.appspot.com","locationId":"us-central"},"state":"ACTIVE","etag":"1_4022b2c3-dc8f-44ea-ad6d-1f9c3aa14c70"}
[info] i  Using project chehiwatbinidik-75756 (ChehiwatBinIdik) 
[info] 
=== Functions Setup
[debug] [2024-06-03T16:14:26.888Z] > command requires scopes: ["email","openid","https://www.googleapis.com/auth/cloudplatformprojects.readonly","https://www.googleapis.com/auth/firebase","https://www.googleapis.com/auth/cloud-platform"]
[debug] [2024-06-03T16:14:26.888Z] > authorizing via signed-in user (amal.alimou1@gmail.com)
[debug] [2024-06-03T16:14:26.888Z] [iam] checking project chehiwatbinidik-75756 for permissions ["firebase.projects.get"]
[debug] [2024-06-03T16:14:26.889Z] >>> [apiv2][query] POST https://cloudresourcemanager.googleapis.com/v1/projects/chehiwatbinidik-75756:testIamPermissions [none]
[debug] [2024-06-03T16:14:26.889Z] >>> [apiv2][(partial)header] POST https://cloudresourcemanager.googleapis.com/v1/projects/chehiwatbinidik-75756:testIamPermissions x-goog-quota-user=projects/chehiwatbinidik-75756
[debug] [2024-06-03T16:14:26.889Z] >>> [apiv2][body] POST https://cloudresourcemanager.googleapis.com/v1/projects/chehiwatbinidik-75756:testIamPermissions {"permissions":["firebase.projects.get"]}
[debug] [2024-06-03T16:14:30.984Z] <<< [apiv2][status] POST https://cloudresourcemanager.googleapis.com/v1/projects/chehiwatbinidik-75756:testIamPermissions 200
[debug] [2024-06-03T16:14:30.984Z] <<< [apiv2][body] POST https://cloudresourcemanager.googleapis.com/v1/projects/chehiwatbinidik-75756:testIamPermissions {"permissions":["firebase.projects.get"]}
[debug] [2024-06-03T16:14:30.985Z] >>> [apiv2][query] GET https://serviceusage.googleapis.com/v1/projects/chehiwatbinidik-75756/services/cloudfunctions.googleapis.com [none]
[debug] [2024-06-03T16:14:30.985Z] >>> [apiv2][(partial)header] GET https://serviceusage.googleapis.com/v1/projects/chehiwatbinidik-75756/services/cloudfunctions.googleapis.com x-goog-quota-user=projects/chehiwatbinidik-75756
[debug] [2024-06-03T16:14:30.985Z] >>> [apiv2][query] GET https://serviceusage.googleapis.com/v1/projects/chehiwatbinidik-75756/services/runtimeconfig.googleapis.com [none]
[debug] [2024-06-03T16:14:30.985Z] >>> [apiv2][(partial)header] GET https://serviceusage.googleapis.com/v1/projects/chehiwatbinidik-75756/services/runtimeconfig.googleapis.com x-goog-quota-user=projects/chehiwatbinidik-75756
[debug] [2024-06-03T16:14:36.571Z] <<< [apiv2][status] GET https://serviceusage.googleapis.com/v1/projects/chehiwatbinidik-75756/services/runtimeconfig.googleapis.com 200
[debug] [2024-06-03T16:14:36.571Z] <<< [apiv2][body] GET https://serviceusage.googleapis.com/v1/projects/chehiwatbinidik-75756/services/runtimeconfig.googleapis.com [omitted]
[debug] [2024-06-03T16:14:36.631Z] <<< [apiv2][status] GET https://serviceusage.googleapis.com/v1/projects/chehiwatbinidik-75756/services/cloudfunctions.googleapis.com 200
[debug] [2024-06-03T16:14:36.632Z] <<< [apiv2][body] GET https://serviceusage.googleapis.com/v1/projects/chehiwatbinidik-75756/services/cloudfunctions.googleapis.com [omitted]
[info] 
Detected existing codebase(s): default

[info] Let's create a new codebase for your functions.
[info] A directory corresponding to the codebase will be created in your project
[info] with sample code pre-configured.

[info] See https://firebase.google.com/docs/functions/organize-functions for
[info] more information on organizing your functions using codebases.

[info] Functions can be deployed with firebase deploy.

[info] +  Wrote a/package.json 
[info] +  Wrote a/index.js 
[info] +  Wrote a/.gitignore 
